#
# A fatal error has been detected by the Java Runtime Environment:
#
#  EXCEPTION_ACCESS_VIOLATION (0xc0000005) at pc=0x00007ff8e8bbbf00, pid=13928, tid=12932
#
# JRE version: Java(TM) SE Runtime Environment (17.0.1+12) (build 17.0.1+12-LTS-39)
# Java VM: Java HotSpot(TM) 64-Bit Server VM (17.0.1+12-LTS-39, mixed mode, sharing, tiered, compressed oops, compressed class ptrs, g1 gc, windows-amd64)
# Problematic frame:
# V  [jvm.dll+0xbf00]
#
# No core dump will be written. Minidumps are not enabled by default on client versions of Windows
#
# If you would like to submit a bug report, please visit:
#   https://bugreport.java.com/bugreport/crash.jsp
#

---------------  S U M M A R Y ------------

Command Line: -javaagent:C:\Program Files\JetBrains\IntelliJ IDEA Community Edition 2021.2.1\lib\idea_rt.jar=56752:C:\Program Files\JetBrains\IntelliJ IDEA Community Edition 2021.2.1\bin -Dfile.encoding=UTF-8 MainKt

Host: AMD Ryzen 5 2600X Six-Core Processor           , 12 cores, 15G,  Windows 10 , 64 bit Build 19041 (10.0.19041.1503)
Time: Thu Feb 17 20:16:34 2022 GMT Standard Time elapsed time: 0.874962 seconds (0d 0h 0m 0s)

---------------  T H R E A D  ---------------

Current thread (0x000001bff0fcb970):  JavaThread "AWT-EventQueue-0" [_thread_in_vm, id=12932, stack(0x0000003085800000,0x0000003085900000)]

Stack: [0x0000003085800000,0x0000003085900000],  sp=0x00000030858fbaf8,  free space=1006k
Native frames: (J=compiled Java code, j=interpreted, Vv=VM code, C=native code)
V  [jvm.dll+0xbf00]

Java frames: (J=compiled Java code, j=interpreted, Vv=VM code)
j  org.jetbrains.skia.ImageKt._nMakeFromEncoded(Ljava/lang/Object;I)J+0
j  org.jetbrains.skia.ImageKt.access$_nMakeFromEncoded(Ljava/lang/Object;I)J+2
j  org.jetbrains.skia.Image$Companion.makeFromEncoded([B)Lorg/jetbrains/skia/Image;+45
j  BeerInfo.loadNetworkImage(Ljava/lang/String;)Landroidx/compose/ui/graphics/ImageBitmap;+49
j  MainKt$App$1.invoke(Landroidx/compose/runtime/Composer;I)V+1173
j  MainKt$App$1.invoke(Ljava/lang/Object;Ljava/lang/Object;)Ljava/lang/Object;+12
j  androidx.compose.runtime.internal.ComposableLambdaImpl.invoke(Landroidx/compose/runtime/Composer;I)Ljava/lang/Object;+83
j  androidx.compose.runtime.internal.ComposableLambdaImpl.invoke(Ljava/lang/Object;Ljava/lang/Object;)Ljava/lang/Object;+12
j  androidx.compose.runtime.CompositionLocalKt.CompositionLocalProvider([Landroidx/compose/runtime/ProvidedValue;Lkotlin/jvm/functions/Function2;Landroidx/compose/runtime/Composer;I)V+49
j  androidx.compose.material.MaterialTheme_desktopKt.PlatformMaterialTheme(Lkotlin/jvm/functions/Function2;Landroidx/compose/runtime/Composer;I)V+168
j  androidx.compose.material.MaterialThemeKt$MaterialTheme$1$1.invoke(Landroidx/compose/runtime/Composer;I)V+39
j  androidx.compose.material.MaterialThemeKt$MaterialTheme$1$1.invoke(Ljava/lang/Object;Ljava/lang/Object;)Ljava/lang/Object;+12
j  androidx.compose.runtime.internal.ComposableLambdaImpl.invoke(Landroidx/compose/runtime/Composer;I)Ljava/lang/Object;+83
j  androidx.compose.runtime.internal.ComposableLambdaImpl.invoke(Ljava/lang/Object;Ljava/lang/Object;)Ljava/lang/Object;+12
j  androidx.compose.runtime.CompositionLocalKt.CompositionLocalProvider([Landroidx/compose/runtime/ProvidedValue;Lkotlin/jvm/functions/Function2;Landroidx/compose/runtime/Composer;I)V+49
j  androidx.compose.material.TextKt.ProvideTextStyle(Landroidx/compose/ui/text/TextStyle;Lkotlin/jvm/functions/Function2;Landroidx/compose/runtime/Composer;I)V+188
j  androidx.compose.material.MaterialThemeKt$MaterialTheme$1.invoke(Landroidx/compose/runtime/Composer;I)V+59
j  androidx.compose.material.MaterialThemeKt$MaterialTheme$1.invoke(Ljava/lang/Object;Ljava/lang/Object;)Ljava/lang/Object;+12
j  androidx.compose.runtime.internal.ComposableLambdaImpl.invoke(Landroidx/compose/runtime/Composer;I)Ljava/lang/Object;+83
j  androidx.compose.runtime.internal.ComposableLambdaImpl.invoke(Ljava/lang/Object;Ljava/lang/Object;)Ljava/lang/Object;+12
j  androidx.compose.runtime.CompositionLocalKt.CompositionLocalProvider([Landroidx/compose/runtime/ProvidedValue;Lkotlin/jvm/functions/Function2;Landroidx/compose/runtime/Composer;I)V+49
j  androidx.compose.material.MaterialThemeKt.MaterialTheme(Landroidx/compose/material/Colors;Landroidx/compose/material/Typography;Landroidx/compose/material/Shapes;Lkotlin/jvm/functions/Function2;Landroidx/compose/runtime/Composer;II)V+689
j  MainKt.App(Landroidx/compose/runtime/Composer;I)V+639
j  ComposableSingletons$MainKt$lambda-2$1.invoke(Landroidx/compose/ui/window/FrameWindowScope;Landroidx/compose/runtime/Composer;I)V+27
j  ComposableSingletons$MainKt$lambda-2$1.invoke(Ljava/lang/Object;Ljava/lang/Object;Ljava/lang/Object;)Ljava/lang/Object;+16
j  androidx.compose.runtime.internal.ComposableLambdaImpl.invoke(Ljava/lang/Object;Landroidx/compose/runtime/Composer;I)Ljava/lang/Object;+88
j  androidx.compose.runtime.internal.ComposableLambdaImpl.invoke(Ljava/lang/Object;Ljava/lang/Object;Ljava/lang/Object;)Ljava/lang/Object;+13
j  androidx.compose.ui.awt.ComposeWindow$setContent$5.invoke(Landroidx/compose/runtime/Composer;I)V+37
j  androidx.compose.ui.awt.ComposeWindow$setContent$5.invoke(Ljava/lang/Object;Ljava/lang/Object;)Ljava/lang/Object;+12
j  androidx.compose.runtime.internal.ComposableLambdaImpl.invoke(Landroidx/compose/runtime/Composer;I)Ljava/lang/Object;+83
j  androidx.compose.runtime.internal.ComposableLambdaImpl.invoke(Ljava/lang/Object;Ljava/lang/Object;)Ljava/lang/Object;+12
j  androidx.compose.ui.awt.ComposeWindowDelegate$setContent$3$1.invoke(Landroidx/compose/runtime/Composer;I)V+33
j  androidx.compose.ui.awt.ComposeWindowDelegate$setContent$3$1.invoke(Ljava/lang/Object;Ljava/lang/Object;)Ljava/lang/Object;+12
j  androidx.compose.runtime.internal.ComposableLambdaImpl.invoke(Landroidx/compose/runtime/Composer;I)Ljava/lang/Object;+83
j  androidx.compose.runtime.internal.ComposableLambdaImpl.invoke(Ljava/lang/Object;Ljava/lang/Object;)Ljava/lang/Object;+12
j  androidx.compose.runtime.CompositionLocalKt.CompositionLocalProvider([Landroidx/compose/runtime/ProvidedValue;Lkotlin/jvm/functions/Function2;Landroidx/compose/runtime/Composer;I)V+49
j  androidx.compose.ui.awt.ComposeWindowDelegate$setContent$3.invoke(Landroidx/compose/runtime/Composer;I)V+90
j  androidx.compose.ui.awt.ComposeWindowDelegate$setContent$3.invoke(Ljava/lang/Object;Ljava/lang/Object;)Ljava/lang/Object;+12
j  androidx.compose.runtime.internal.ComposableLambdaImpl.invoke(Landroidx/compose/runtime/Composer;I)Ljava/lang/Object;+83
j  androidx.compose.runtime.internal.ComposableLambdaImpl.invoke(Ljava/lang/Object;Ljava/lang/Object;)Ljava/lang/Object;+12
j  androidx.compose.runtime.CompositionLocalKt.CompositionLocalProvider([Landroidx/compose/runtime/ProvidedValue;Lkotlin/jvm/functions/Function2;Landroidx/compose/runtime/Composer;I)V+49
j  androidx.compose.ui.ComposeScene$setContent$5.invoke(Landroidx/compose/runtime/Composer;I)V+50
j  androidx.compose.ui.ComposeScene$setContent$5.invoke(Ljava/lang/Object;Ljava/lang/Object;)Ljava/lang/Object;+12
j  androidx.compose.runtime.internal.ComposableLambdaImpl.invoke(Landroidx/compose/runtime/Composer;I)Ljava/lang/Object;+83
j  androidx.compose.runtime.internal.ComposableLambdaImpl.invoke(Ljava/lang/Object;Ljava/lang/Object;)Ljava/lang/Object;+12
j  androidx.compose.runtime.CompositionLocalKt.CompositionLocalProvider([Landroidx/compose/runtime/ProvidedValue;Lkotlin/jvm/functions/Function2;Landroidx/compose/runtime/Composer;I)V+49
j  androidx.compose.ui.platform.CompositionLocalsKt.ProvideCommonCompositionLocals(Landroidx/compose/ui/node/Owner;Landroidx/compose/ui/platform/UriHandler;Lkotlin/jvm/functions/Function2;Landroidx/compose/runtime/Composer;I)V+432
j  androidx.compose.ui.platform.Wrapper_skikoKt$setContent$2$1.invoke(Landroidx/compose/runtime/Composer;I)V+156
j  androidx.compose.ui.platform.Wrapper_skikoKt$setContent$2$1.invoke(Ljava/lang/Object;Ljava/lang/Object;)Ljava/lang/Object;+12
j  androidx.compose.runtime.internal.ComposableLambdaImpl.invoke(Landroidx/compose/runtime/Composer;I)Ljava/lang/Object;+83
j  androidx.compose.runtime.internal.ComposableLambdaImpl.invoke(Ljava/lang/Object;Ljava/lang/Object;)Ljava/lang/Object;+12
j  androidx.compose.runtime.CompositionLocalKt.CompositionLocalProvider([Landroidx/compose/runtime/ProvidedValue;Lkotlin/jvm/functions/Function2;Landroidx/compose/runtime/Composer;I)V+49
j  androidx.compose.runtime.CompositionLocalKt.CompositionLocalProvider(Landroidx/compose/runtime/CompositionLocalContext;Lkotlin/jvm/functions/Function2;Landroidx/compose/runtime/Composer;I)V+316
j  androidx.compose.ui.platform.Wrapper_skikoKt.provide(Landroidx/compose/runtime/CompositionLocalContext;Lkotlin/jvm/functions/Function2;Landroidx/compose/runtime/Composer;I)V+126
j  androidx.compose.ui.platform.Wrapper_skikoKt.access$provide(Landroidx/compose/runtime/CompositionLocalContext;Lkotlin/jvm/functions/Function2;Landroidx/compose/runtime/Composer;I)V+4
j  androidx.compose.ui.platform.Wrapper_skikoKt$setContent$2.invoke(Landroidx/compose/runtime/Composer;I)V+64
j  androidx.compose.ui.platform.Wrapper_skikoKt$setContent$2.invoke(Ljava/lang/Object;Ljava/lang/Object;)Ljava/lang/Object;+12
j  androidx.compose.runtime.internal.ComposableLambdaImpl.invoke(Landroidx/compose/runtime/Composer;I)Ljava/lang/Object;+83
j  androidx.compose.runtime.internal.ComposableLambdaImpl.invoke(Ljava/lang/Object;Ljava/lang/Object;)Ljava/lang/Object;+12
j  androidx.compose.runtime.ActualJvm_jvmKt.invokeComposable(Landroidx/compose/runtime/Composer;Lkotlin/jvm/functions/Function2;)V+20
j  androidx.compose.runtime.ComposerImpl$doCompose$2$5.invoke()V+31
j  androidx.compose.runtime.ComposerImpl$doCompose$2$5.invoke()Ljava/lang/Object;+1
j  androidx.compose.runtime.SnapshotStateKt__DerivedStateKt.observeDerivedStateRecalculations(Lkotlin/jvm/functions/Function1;Lkotlin/jvm/functions/Function1;Lkotlin/jvm/functions/Function0;)V+70
j  androidx.compose.runtime.SnapshotStateKt.observeDerivedStateRecalculations(Lkotlin/jvm/functions/Function1;Lkotlin/jvm/functions/Function1;Lkotlin/jvm/functions/Function0;)V+3
j  androidx.compose.runtime.ComposerImpl.doCompose(Landroidx/compose/runtime/collection/IdentityArrayMap;Lkotlin/jvm/functions/Function2;)V+322
j  androidx.compose.runtime.ComposerImpl.composeContent$runtime(Landroidx/compose/runtime/collection/IdentityArrayMap;Lkotlin/jvm/functions/Function2;)V+60
j  androidx.compose.runtime.CompositionImpl.composeContent(Lkotlin/jvm/functions/Function2;)V+52
j  androidx.compose.runtime.Recomposer.composeInitial$runtime(Landroidx/compose/runtime/ControlledComposition;Lkotlin/jvm/functions/Function2;)V+76
j  androidx.compose.runtime.CompositionImpl.setContent(Lkotlin/jvm/functions/Function2;)V+68
j  androidx.compose.ui.platform.Wrapper_skikoKt.setContent(Landroidx/compose/ui/platform/SkiaBasedOwner;Landroidx/compose/runtime/CompositionContext;Lkotlin/jvm/functions/Function0;Lkotlin/jvm/functions/Function2;)Landroidx/compose/runtime/Composition;+65
j  androidx.compose.ui.ComposeScene.setContent$ui(Landroidx/compose/runtime/CompositionContext;Lkotlin/jvm/functions/Function1;Lkotlin/jvm/functions/Function1;Lkotlin/jvm/functions/Function2;)V+228
j  androidx.compose.ui.ComposeScene.setContent$ui$default(Landroidx/compose/ui/ComposeScene;Landroidx/compose/runtime/CompositionContext;Lkotlin/jvm/functions/Function1;Lkotlin/jvm/functions/Function1;Lkotlin/jvm/functions/Function2;ILjava/lang/Object;)V+43
j  androidx.compose.ui.awt.ComposeLayer$setContent$3$1.invoke()V+22
j  androidx.compose.ui.awt.ComposeLayer$setContent$3$1.invoke()Ljava/lang/Object;+1
j  androidx.compose.ui.awt.ComposeLayer.catchExceptions(Lkotlin/jvm/functions/Function0;)V+2
j  androidx.compose.ui.awt.ComposeLayer.access$catchExceptions(Landroidx/compose/ui/awt/ComposeLayer;Lkotlin/jvm/functions/Function0;)V+2
j  androidx.compose.ui.awt.ComposeLayer$setContent$3.invoke()V+30
j  androidx.compose.ui.awt.ComposeLayer$setContent$3.invoke()Ljava/lang/Object;+1
j  androidx.compose.ui.awt.ComposeLayer.initContent()V+23
j  androidx.compose.ui.awt.ComposeLayer.access$initContent(Landroidx/compose/ui/awt/ComposeLayer;)V+1
j  androidx.compose.ui.awt.ComposeLayer$ComponentImpl.addNotify()V+12
j  java.awt.Container.addNotify()V+61 java.desktop@17.0.1
j  javax.swing.JComponent.addNotify()V+1 java.desktop@17.0.1
j  androidx.compose.ui.awt.ComposeWindowDelegate$pane$1.addNotify()V+1
j  java.awt.Container.addNotify()V+61 java.desktop@17.0.1
j  javax.swing.JComponent.addNotify()V+1 java.desktop@17.0.1
j  java.awt.Container.addNotify()V+61 java.desktop@17.0.1
j  javax.swing.JComponent.addNotify()V+1 java.desktop@17.0.1
j  java.awt.Container.addNotify()V+61 java.desktop@17.0.1
j  javax.swing.JComponent.addNotify()V+1 java.desktop@17.0.1
j  javax.swing.JRootPane.addNotify()V+1 java.desktop@17.0.1
j  java.awt.Container.addNotify()V+61 java.desktop@17.0.1
j  java.awt.Window.addNotify()V+75 java.desktop@17.0.1
j  java.awt.Frame.addNotify()V+72 java.desktop@17.0.1
j  java.awt.Window.show()V+8 java.desktop@17.0.1
j  java.awt.Component.show(Z)V+5 java.desktop@17.0.1
j  java.awt.Component.setVisible(Z)V+2 java.desktop@17.0.1
j  java.awt.Window.setVisible(Z)V+2 java.desktop@17.0.1
j  androidx.compose.ui.window.AwtWindow_desktopKt$AwtWindow$4$1.invokeSuspend(Ljava/lang/Object;)Ljava/lang/Object;+46
j  kotlin.coroutines.jvm.internal.BaseContinuationImpl.resumeWith(Ljava/lang/Object;)V+46
j  kotlinx.coroutines.DispatchedTask.run()V+350
j  java.awt.event.InvocationEvent.dispatch()V+47 java.desktop@17.0.1
j  java.awt.EventQueue.dispatchEventImpl(Ljava/awt/AWTEvent;Ljava/lang/Object;)V+21 java.desktop@17.0.1
j  java.awt.EventQueue$4.run()Ljava/lang/Void;+32 java.desktop@17.0.1
j  java.awt.EventQueue$4.run()Ljava/lang/Object;+1 java.desktop@17.0.1
j  java.security.AccessController.executePrivileged(Ljava/security/PrivilegedAction;Ljava/security/AccessControlContext;Ljava/lang/Class;)Ljava/lang/Object;+29 java.base@17.0.1
j  java.security.AccessController.doPrivileged(Ljava/security/PrivilegedAction;Ljava/security/AccessControlContext;)Ljava/lang/Object;+13 java.base@17.0.1
j  java.security.ProtectionDomain$JavaSecurityAccessImpl.doIntersectionPrivilege(Ljava/security/PrivilegedAction;Ljava/security/AccessControlContext;Ljava/security/AccessControlContext;)Ljava/lang/Object;+18 java.base@17.0.1
j  java.awt.EventQueue.dispatchEvent(Ljava/awt/AWTEvent;)V+46 java.desktop@17.0.1
j  java.awt.EventDispatchThread.pumpOneEventForFilters(I)V+78 java.desktop@17.0.1
j  java.awt.EventDispatchThread.pumpEventsForFilter(ILjava/awt/Conditional;Ljava/awt/EventFilter;)V+35 java.desktop@17.0.1
j  java.awt.EventDispatchThread.pumpEventsForHierarchy(ILjava/awt/Conditional;Ljava/awt/Component;)V+11 java.desktop@17.0.1
j  java.awt.EventDispatchThread.pumpEvents(ILjava/awt/Conditional;)V+4 java.desktop@17.0.1
j  java.awt.EventDispatchThread.pumpEvents(Ljava/awt/Conditional;)V+3 java.desktop@17.0.1
j  java.awt.EventDispatchThread.run()V+9 java.desktop@17.0.1
v  ~StubRoutines::call_stub

siginfo: EXCEPTION_ACCESS_VIOLATION (0xc0000005), reading address 0x0000000000000000


Register to memory mapping:

RIP=0x00007ff8e8bbbf00 jvm.dll
RAX=0x0 is NULL
RBX=0x000001bff0fcb970 is a thread
RCX=0x0 is NULL
RDX=0x0 is NULL
RSP=0x00000030858fbaf8 is pointing into the stack for thread: 0x000001bff0fcb970
RBP=0x0 is NULL
RSI=0x0 is NULL
RDI=0x0 is NULL
R8 =0x0 is NULL
R9 =0x0 is NULL
R10=0x000001bfd568d5f2 is at code_begin+946 in an Interpreter codelet
method entry point (kind = native)  [0x000001bfd568d240, 0x000001bfd568dbc0]  2432 bytes
R11=0x000000071018dde8 is an oop: java.lang.Class 
{0x000000071018dde8} - klass: 'java/lang/Class'
 - ---- fields (total size 14 words):
 - private volatile transient 'classRedefinedCount' 'I' @12  0
 - private volatile transient 'cachedConstructor' 'Ljava/lang/reflect/Constructor;' @40  NULL (0)
 - private transient 'name' 'Ljava/lang/String;' @44  "org.jetbrains.skia.ImageKt"{0x000000071018de68} (e2031bcd)
 - private transient 'module' 'Ljava/lang/Module;' @48  a 'java/lang/Module'{0x000000070f8443f8} (e1f0887f)
 - private final 'classLoader' 'Ljava/lang/ClassLoader;' @52  a 'jdk/internal/loader/ClassLoaders$AppClassLoader'{0x000000070f800d50} (e1f001aa)
 - private transient 'classData' 'Ljava/lang/Object;' @56  NULL (0)
 - private transient 'packageName' 'Ljava/lang/String;' @60  "org.jetbrains.skia"{0x000000070f844430} (e1f08886)
 - private final 'componentType' 'Ljava/lang/Class;' @64  NULL (0)
 - private volatile transient 'reflectionData' 'Ljava/lang/ref/SoftReference;' @68  NULL (0)
 - private volatile transient 'genericInfo' 'Lsun/reflect/generics/repository/ClassRepository;' @72  NULL (0)
 - private volatile transient 'enumConstants' '[Ljava/lang/Object;' @76  NULL (0)
 - private volatile transient 'enumConstantDirectory' 'Ljava/util/Map;' @80  NULL (0)
 - private volatile transient 'annotationData' 'Ljava/lang/Class$AnnotationData;' @84  NULL (0)
 - private volatile transient 'annotationType' 'Lsun/reflect/annotation/AnnotationType;' @88  NULL (0)
 - transient 'classValueMap' 'Ljava/lang/ClassValue$ClassValueMap;' @92  NULL (0)
 - signature: Lorg/jetbrains/skia/ImageKt;
 - fake entry for mirror: 'org/jetbrains/skia/ImageKt'
 - fake entry for array: NULL
 - fake entry for oop_size: 14
 - fake entry for static_oop_field_count: 0
R12=0x0 is NULL
R13={method} {0x000001bffa08e068} '_nMakeFromEncoded' '(Ljava/lang/Object;I)J' in 'org/jetbrains/skia/ImageKt'
R14=0x00000030858fbc20 is pointing into the stack for thread: 0x000001bff0fcb970
R15=0x000001bff0fcb970 is a thread


Registers:
RAX=0x0000000000000000, RBX=0x000001bff0fcb970, RCX=0x0000000000000000, RDX=0x0000000000000000
RSP=0x00000030858fbaf8, RBP=0x0000000000000000, RSI=0x0000000000000000, RDI=0x0000000000000000
R8 =0x0000000000000000, R9 =0x0000000000000000, R10=0x000001bfd568d5f2, R11=0x000000071018dde8
R12=0x0000000000000000, R13=0x000001bffa08e060, R14=0x00000030858fbc20, R15=0x000001bff0fcb970
RIP=0x00007ff8e8bbbf00, EFLAGS=0x0000000000010246

Top of Stack: (sp=0x00000030858fbaf8)
0x00000030858fbaf8:   00007ff8e8f93978 00000030858fbbf8
0x00000030858fbb08:   00007ff8e8f2e342 0000000000001597
0x00000030858fbb18:   000001bfd56a74ae 0000000000000000
0x00000030858fbb28:   000001bff0fcbc18 000001bffa08e060
0x00000030858fbb38:   00007ff8dd933b8c 0000000000000000
0x00000030858fbb48:   0000000000000000 000001bffa08e060
0x00000030858fbb58:   000001bff0fcb970 000001bffa08e060
0x00000030858fbb68:   000001bff1dbcd00 000001bfd56894fe
0x00000030858fbb78:   000001bfd568d621 000001bffa08e060
0x00000030858fbb88:   000001bffa08e060 00000030858fbbf8
0x00000030858fbb98:   0000000000000000 000001bffa08e738
0x00000030858fbba8:   000001bfd568d2f6 00000030858fbbb0
0x00000030858fbbb8:   000001bffa08e060 00000030858fbc20
0x00000030858fbbc8:   000001bffa08eeb8 0000000000000000
0x00000030858fbbd8:   000000071018dde8 000001bffa08e060
0x00000030858fbbe8:   0000000000000000 00000030858fbc18 

Instructions: (pc=0x00007ff8e8bbbf00)
0x00007ff8e8bbbe00:   1c d2 a6 00 48 83 c4 20 5b 48 ff e0 48 8d 05 ed
0x00007ff8e8bbbe10:   00 00 00 48 8b cb 48 89 05 03 d2 a6 00 48 83 c4
0x00007ff8e8bbbe20:   20 5b 48 ff e0 48 8d 05 d4 00 00 00 48 8b cb 48
0x00007ff8e8bbbe30:   89 05 ea d1 a6 00 48 83 c4 20 5b 48 ff e0 48 8b
0x00007ff8e8bbbe40:   0d 4b c3 ac 00 8b 51 10 83 ea 01 0f 84 91 00 00
0x00007ff8e8bbbe50:   00 83 ea 01 74 73 83 ea 01 74 55 83 fa 01 74 37
0x00007ff8e8bbbe60:   4c 8d 0d d1 1c 82 00 41 b8 e9 00 00 00 48 8d 15
0x00007ff8e8bbbe70:   fc 1c 82 00 b9 00 00 00 e0 e8 42 69 23 00 e8 0d
0x00007ff8e8bbbe80:   37 66 00 33 c0 48 8b cb 48 89 05 91 d1 a6 00 48
0x00007ff8e8bbbe90:   83 c4 20 5b 48 ff e0 48 8d 05 72 00 00 00 48 8b
0x00007ff8e8bbbea0:   cb 48 89 05 78 d1 a6 00 48 83 c4 20 5b 48 ff e0
0x00007ff8e8bbbeb0:   48 8d 05 49 00 00 00 48 8b cb 48 89 05 5f d1 a6
0x00007ff8e8bbbec0:   00 48 83 c4 20 5b 48 ff e0 48 8d 05 30 00 00 00
0x00007ff8e8bbbed0:   48 8b cb 48 89 05 46 d1 a6 00 48 83 c4 20 5b 48
0x00007ff8e8bbbee0:   ff e0 48 8d 05 17 00 00 00 48 8b cb 48 89 05 2d
0x00007ff8e8bbbef0:   d1 a6 00 48 83 c4 20 5b 48 ff e0 cc cc cc cc cc
0x00007ff8e8bbbf00:   48 8b 01 c3 cc cc cc cc cc cc cc cc cc cc cc cc
0x00007ff8e8bbbf10:   48 89 5c 24 08 57 48 83 ec 20 48 8b 39 48 8b d9
0x00007ff8e8bbbf20:   48 85 3d 51 9f b1 00 75 0e 48 8b c7 48 8b 5c 24
0x00007ff8e8bbbf30:   30 48 83 c4 20 5f c3 48 8b cf e8 c1 3b 7f 00 48
0x00007ff8e8bbbf40:   8b d0 48 85 c0 74 20 48 8b c7 f0 48 0f b1 13 74
0x00007ff8e8bbbf50:   16 48 85 05 20 9f b1 00 74 0d 48 8b c8 f0 48 0f
0x00007ff8e8bbbf60:   b1 13 48 3b c1 75 ea 48 8b 5c 24 30 48 8b c2 48
0x00007ff8e8bbbf70:   83 c4 20 5f c3 cc cc cc cc cc cc cc cc cc cc cc
0x00007ff8e8bbbf80:   8b 44 24 30 45 03 c9 44 2b 4c 24 28 83 c0 0b 44
0x00007ff8e8bbbf90:   03 ca 45 03 c8 41 03 c1 c3 cc cc cc cc cc cc cc
0x00007ff8e8bbbfa0:   48 8b 41 08 0f b7 48 2a 0f b7 40 28 83 c0 48 03
0x00007ff8e8bbbfb0:   c1 c3 cc cc cc cc cc cc cc cc cc cc cc cc cc cc
0x00007ff8e8bbbfc0:   48 89 5c 24 08 57 48 83 ec 20 0f b6 05 9f a6 b1
0x00007ff8e8bbbfd0:   00 48 8b fa 48 8b d9 84 c0 74 4f 48 85 15 96 9e
0x00007ff8e8bbbfe0:   b1 00 74 38 48 8b ca e8 24 3e 7f 00 48 8b d0 48
0x00007ff8e8bbbff0:   85 db 74 25 48 85 c0 74 20 48 8b c7 f0 48 0f b1 


Stack slot to memory mapping:
stack at sp + 0 slots: 0x00007ff8e8f93978 jvm.dll
stack at sp + 1 slots: 0x00000030858fbbf8 is pointing into the stack for thread: 0x000001bff0fcb970
stack at sp + 2 slots: 0x00007ff8e8f2e342 jvm.dll
stack at sp + 3 slots: 0x0000000000001597 is an unknown value
stack at sp + 4 slots: 0x000001bfd56a74ae is at code_begin+4142 in 
[CodeBlob (0x000001bfd56a6410)]
Framesize: 0
BufferBlob (0x000001bfd56a6410) used for native signature handlers
stack at sp + 5 slots: 0x0 is NULL
stack at sp + 6 slots: 0x000001bff0fcbc18 points into unknown readable memory: 0x00007ff8e9633630 | 30 36 63 e9 f8 7f 00 00
stack at sp + 7 slots: {method} {0x000001bffa08e068} '_nMakeFromEncoded' '(Ljava/lang/Object;I)J' in 'org/jetbrains/skia/ImageKt'


---------------  P R O C E S S  ---------------

Threads class SMR info:
_java_thread_list=0x000001bff1d235f0, length=26, elements={
0x000001bfcde74eb0, 0x000001bff0fb5300, 0x000001bff0fb6170, 0x000001bff0fc8b50,
0x000001bff0fc9410, 0x000001bff0fca5d0, 0x000001bff0fcafd0, 0x000001bff0fd4d60,
0x000001bff0fddc10, 0x000001bff0feae20, 0x000001bff0fcccb0, 0x000001bff0fcdff0,
0x000001bff0fcd180, 0x000001bff0fcb4a0, 0x000001bff0fcd650, 0x000001bff0fce4c0,
0x000001bff0fcb970, 0x000001bff0fcbe40, 0x000001bff0fce990, 0x000001bff0fcc310,
0x000001bff35b43d0, 0x000001bff35b0540, 0x000001bff364c850, 0x000001bff3a12080,
0x000001bff35b1880, 0x000001bff35b3090
}

Java Threads: ( => current thread )
  0x000001bfcde74eb0 JavaThread "main" [_thread_blocked, id=1788, stack(0x0000003084000000,0x0000003084100000)]
  0x000001bff0fb5300 JavaThread "Reference Handler" daemon [_thread_blocked, id=11456, stack(0x0000003084700000,0x0000003084800000)]
  0x000001bff0fb6170 JavaThread "Finalizer" daemon [_thread_blocked, id=10740, stack(0x0000003084800000,0x0000003084900000)]
  0x000001bff0fc8b50 JavaThread "Signal Dispatcher" daemon [_thread_blocked, id=13672, stack(0x0000003084900000,0x0000003084a00000)]
  0x000001bff0fc9410 JavaThread "Attach Listener" daemon [_thread_blocked, id=9292, stack(0x0000003084a00000,0x0000003084b00000)]
  0x000001bff0fca5d0 JavaThread "Service Thread" daemon [_thread_blocked, id=5152, stack(0x0000003084b00000,0x0000003084c00000)]
  0x000001bff0fcafd0 JavaThread "Monitor Deflation Thread" daemon [_thread_blocked, id=3116, stack(0x0000003084c00000,0x0000003084d00000)]
  0x000001bff0fd4d60 JavaThread "C2 CompilerThread0" daemon [_thread_blocked, id=32, stack(0x0000003084d00000,0x0000003084e00000)]
  0x000001bff0fddc10 JavaThread "C1 CompilerThread0" daemon [_thread_blocked, id=3908, stack(0x0000003084e00000,0x0000003084f00000)]
  0x000001bff0feae20 JavaThread "Sweeper thread" daemon [_thread_blocked, id=5708, stack(0x0000003084f00000,0x0000003085000000)]
  0x000001bff0fcccb0 JavaThread "Common-Cleaner" daemon [_thread_blocked, id=12372, stack(0x0000003085000000,0x0000003085100000)]
  0x000001bff0fcdff0 JavaThread "Monitor Ctrl-Break" daemon [_thread_in_native, id=12976, stack(0x0000003085200000,0x0000003085300000)]
  0x000001bff0fcd180 JavaThread "Notification Thread" daemon [_thread_blocked, id=10920, stack(0x0000003085300000,0x0000003085400000)]
  0x000001bff0fcb4a0 JavaThread "Java2D Disposer" daemon [_thread_blocked, id=12952, stack(0x0000003085500000,0x0000003085600000)]
  0x000001bff0fcd650 JavaThread "AWT-Shutdown" [_thread_blocked, id=13108, stack(0x0000003085600000,0x0000003085700000)]
  0x000001bff0fce4c0 JavaThread "AWT-Windows" daemon [_thread_in_native, id=13204, stack(0x0000003085700000,0x0000003085800000)]
=>0x000001bff0fcb970 JavaThread "AWT-EventQueue-0" [_thread_in_vm, id=12932, stack(0x0000003085800000,0x0000003085900000)]
  0x000001bff0fcbe40 JavaThread "DefaultDispatcher-worker-1" daemon [_thread_blocked, id=6576, stack(0x0000003086300000,0x0000003086400000)]
  0x000001bff0fce990 JavaThread "DefaultDispatcher-worker-2" daemon [_thread_blocked, id=5816, stack(0x0000003086400000,0x0000003086500000)]
  0x000001bff0fcc310 JavaThread "DefaultDispatcher-worker-3" daemon [_thread_blocked, id=11964, stack(0x0000003086500000,0x0000003086600000)]
  0x000001bff35b43d0 JavaThread "kotlinx.coroutines.DefaultExecutor" daemon [_thread_blocked, id=3780, stack(0x0000003086600000,0x0000003086700000)]
  0x000001bff35b0540 JavaThread "Cleaner-0" daemon [_thread_blocked, id=6884, stack(0x0000003086700000,0x0000003086800000)]
  0x000001bff364c850 JavaThread "C2 CompilerThread1" daemon [_thread_blocked, id=9172, stack(0x0000003085100000,0x0000003085200000)]
  0x000001bff3a12080 JavaThread "C2 CompilerThread2" daemon [_thread_blocked, id=9160, stack(0x0000003086e00000,0x0000003086f00000)]
  0x000001bff35b1880 JavaThread "DefaultDispatcher-worker-4" daemon [_thread_blocked, id=504, stack(0x0000003086f00000,0x0000003087000000)]
  0x000001bff35b3090 JavaThread "DefaultDispatcher-worker-5" daemon [_thread_blocked, id=13076, stack(0x0000003087000000,0x0000003087100000)]

Other Threads:
  0x000001bff0fae2e0 VMThread "VM Thread" [stack: 0x0000003084600000,0x0000003084700000] [id=4604] _threads_hazard_ptr=0x000001bff1d235f0
  0x000001bff1b49b70 WatcherThread [stack: 0x0000003085400000,0x0000003085500000] [id=1136]
  0x000001bfcdec5430 GCTaskThread "GC Thread#0" [stack: 0x0000003084100000,0x0000003084200000] [id=12804]
  0x000001bff245c0a0 GCTaskThread "GC Thread#1" [stack: 0x0000003086800000,0x0000003086900000] [id=2072]
  0x000001bff3595140 GCTaskThread "GC Thread#2" [stack: 0x0000003086900000,0x0000003086a00000] [id=7628]
  0x000001bff3590860 GCTaskThread "GC Thread#3" [stack: 0x0000003086a00000,0x0000003086b00000] [id=984]
  0x000001bff359d110 GCTaskThread "GC Thread#4" [stack: 0x0000003086b00000,0x0000003086c00000] [id=10612]
  0x000001bff359d3c0 GCTaskThread "GC Thread#5" [stack: 0x0000003086c00000,0x0000003086d00000] [id=9840]
  0x000001bff359da80 GCTaskThread "GC Thread#6" [stack: 0x0000003086d00000,0x0000003086e00000] [id=9824]
  0x000001bfcded6270 ConcurrentGCThread "G1 Main Marker" [stack: 0x0000003084200000,0x0000003084300000] [id=9636]
  0x000001bfcded6c80 ConcurrentGCThread "G1 Conc#0" [stack: 0x0000003084300000,0x0000003084400000] [id=6452]
  0x000001bff0e6a100 ConcurrentGCThread "G1 Refine#0" [stack: 0x0000003084400000,0x0000003084500000] [id=4432]
  0x000001bff0e6aa30 ConcurrentGCThread "G1 Service" [stack: 0x0000003084500000,0x0000003084600000] [id=11268]

Threads with active compile tasks:

VM state: not at safepoint (normal execution)

VM Mutex/Monitor currently owned by a thread:  ([mutex/lock_event])
[0x000001bfcde725c0] Compile_lock - owner thread: 0x000001bff0fce990

Heap address: 0x0000000701000000, size: 4080 MB, Compressed Oops mode: Zero based, Oop shift amount: 3

CDS archive(s) mapped at: [0x0000000800000000-0x0000000800bc0000-0x0000000800bc0000), size 12320768, SharedBaseAddress: 0x0000000800000000, ArchiveRelocationMode: 0.
Compressed class space mapped at: 0x0000000800c00000-0x0000000840c00000, reserved size: 1073741824
Narrow klass base: 0x0000000800000000, Narrow klass shift: 0, Narrow klass range: 0x100000000

GC Precious Log:
 CPUs: 12 total, 12 available
 Memory: 16315M
 Large Page Support: Disabled
 NUMA Support: Disabled
 Compressed Oops: Enabled (Zero based)
 Heap Region Size: 2M
 Heap Min Capacity: 8M
 Heap Initial Capacity: 256M
 Heap Max Capacity: 4080M
 Pre-touch: Disabled
 Parallel Workers: 10
 Concurrent Workers: 3
 Concurrent Refinement Workers: 10
 Periodic GC: Disabled

Heap:
 garbage-first heap   total 262144K, used 19449K [0x0000000701000000, 0x0000000800000000)
  region size 2048K, 11 young (22528K), 2 survivors (4096K)
 Metaspace       used 14638K, committed 14784K, reserved 1064960K
  class space    used 1586K, committed 1664K, reserved 1048576K

Heap Regions: E=young(eden), S=young(survivor), O=old, HS=humongous(starts), HC=humongous(continues), CS=collection set, F=free, OA=open archive, CA=closed archive, TAMS=top-at-mark-start (previous, next)
|   0|0x0000000701000000, 0x0000000701000000, 0x0000000701200000|  0%| F|  |TAMS 0x0000000701000000, 0x0000000701000000| Untracked 
|   1|0x0000000701200000, 0x0000000701200000, 0x0000000701400000|  0%| F|  |TAMS 0x0000000701200000, 0x0000000701200000| Untracked 
|   2|0x0000000701400000, 0x0000000701400000, 0x0000000701600000|  0%| F|  |TAMS 0x0000000701400000, 0x0000000701400000| Untracked 
|   3|0x0000000701600000, 0x0000000701600000, 0x0000000701800000|  0%| F|  |TAMS 0x0000000701600000, 0x0000000701600000| Untracked 
|   4|0x0000000701800000, 0x0000000701800000, 0x0000000701a00000|  0%| F|  |TAMS 0x0000000701800000, 0x0000000701800000| Untracked 
|   5|0x0000000701a00000, 0x0000000701a00000, 0x0000000701c00000|  0%| F|  |TAMS 0x0000000701a00000, 0x0000000701a00000| Untracked 
|   6|0x0000000701c00000, 0x0000000701c00000, 0x0000000701e00000|  0%| F|  |TAMS 0x0000000701c00000, 0x0000000701c00000| Untracked 
|   7|0x0000000701e00000, 0x0000000701e00000, 0x0000000702000000|  0%| F|  |TAMS 0x0000000701e00000, 0x0000000701e00000| Untracked 
|   8|0x0000000702000000, 0x0000000702000000, 0x0000000702200000|  0%| F|  |TAMS 0x0000000702000000, 0x0000000702000000| Untracked 
|   9|0x0000000702200000, 0x0000000702200000, 0x0000000702400000|  0%| F|  |TAMS 0x0000000702200000, 0x0000000702200000| Untracked 
|  10|0x0000000702400000, 0x0000000702400000, 0x0000000702600000|  0%| F|  |TAMS 0x0000000702400000, 0x0000000702400000| Untracked 
|  11|0x0000000702600000, 0x0000000702600000, 0x0000000702800000|  0%| F|  |TAMS 0x0000000702600000, 0x0000000702600000| Untracked 
|  12|0x0000000702800000, 0x0000000702800000, 0x0000000702a00000|  0%| F|  |TAMS 0x0000000702800000, 0x0000000702800000| Untracked 
|  13|0x0000000702a00000, 0x0000000702a00000, 0x0000000702c00000|  0%| F|  |TAMS 0x0000000702a00000, 0x0000000702a00000| Untracked 
|  14|0x0000000702c00000, 0x0000000702c00000, 0x0000000702e00000|  0%| F|  |TAMS 0x0000000702c00000, 0x0000000702c00000| Untracked 
|  15|0x0000000702e00000, 0x0000000702e00000, 0x0000000703000000|  0%| F|  |TAMS 0x0000000702e00000, 0x0000000702e00000| Untracked 
|  16|0x0000000703000000, 0x0000000703000000, 0x0000000703200000|  0%| F|  |TAMS 0x0000000703000000, 0x0000000703000000| Untracked 
|  17|0x0000000703200000, 0x0000000703200000, 0x0000000703400000|  0%| F|  |TAMS 0x0000000703200000, 0x0000000703200000| Untracked 
|  18|0x0000000703400000, 0x0000000703400000, 0x0000000703600000|  0%| F|  |TAMS 0x0000000703400000, 0x0000000703400000| Untracked 
|  19|0x0000000703600000, 0x0000000703600000, 0x0000000703800000|  0%| F|  |TAMS 0x0000000703600000, 0x0000000703600000| Untracked 
|  20|0x0000000703800000, 0x0000000703800000, 0x0000000703a00000|  0%| F|  |TAMS 0x0000000703800000, 0x0000000703800000| Untracked 
|  21|0x0000000703a00000, 0x0000000703a00000, 0x0000000703c00000|  0%| F|  |TAMS 0x0000000703a00000, 0x0000000703a00000| Untracked 
|  22|0x0000000703c00000, 0x0000000703c00000, 0x0000000703e00000|  0%| F|  |TAMS 0x0000000703c00000, 0x0000000703c00000| Untracked 
|  23|0x0000000703e00000, 0x0000000703e00000, 0x0000000704000000|  0%| F|  |TAMS 0x0000000703e00000, 0x0000000703e00000| Untracked 
|  24|0x0000000704000000, 0x0000000704000000, 0x0000000704200000|  0%| F|  |TAMS 0x0000000704000000, 0x0000000704000000| Untracked 
|  25|0x0000000704200000, 0x0000000704200000, 0x0000000704400000|  0%| F|  |TAMS 0x0000000704200000, 0x0000000704200000| Untracked 
|  26|0x0000000704400000, 0x0000000704400000, 0x0000000704600000|  0%| F|  |TAMS 0x0000000704400000, 0x0000000704400000| Untracked 
|  27|0x0000000704600000, 0x0000000704600000, 0x0000000704800000|  0%| F|  |TAMS 0x0000000704600000, 0x0000000704600000| Untracked 
|  28|0x0000000704800000, 0x0000000704800000, 0x0000000704a00000|  0%| F|  |TAMS 0x0000000704800000, 0x0000000704800000| Untracked 
|  29|0x0000000704a00000, 0x0000000704a00000, 0x0000000704c00000|  0%| F|  |TAMS 0x0000000704a00000, 0x0000000704a00000| Untracked 
|  30|0x0000000704c00000, 0x0000000704c00000, 0x0000000704e00000|  0%| F|  |TAMS 0x0000000704c00000, 0x0000000704c00000| Untracked 
|  31|0x0000000704e00000, 0x0000000704e00000, 0x0000000705000000|  0%| F|  |TAMS 0x0000000704e00000, 0x0000000704e00000| Untracked 
|  32|0x0000000705000000, 0x0000000705000000, 0x0000000705200000|  0%| F|  |TAMS 0x0000000705000000, 0x0000000705000000| Untracked 
|  33|0x0000000705200000, 0x0000000705200000, 0x0000000705400000|  0%| F|  |TAMS 0x0000000705200000, 0x0000000705200000| Untracked 
|  34|0x0000000705400000, 0x0000000705400000, 0x0000000705600000|  0%| F|  |TAMS 0x0000000705400000, 0x0000000705400000| Untracked 
|  35|0x0000000705600000, 0x0000000705600000, 0x0000000705800000|  0%| F|  |TAMS 0x0000000705600000, 0x0000000705600000| Untracked 
|  36|0x0000000705800000, 0x0000000705800000, 0x0000000705a00000|  0%| F|  |TAMS 0x0000000705800000, 0x0000000705800000| Untracked 
|  37|0x0000000705a00000, 0x0000000705a00000, 0x0000000705c00000|  0%| F|  |TAMS 0x0000000705a00000, 0x0000000705a00000| Untracked 
|  38|0x0000000705c00000, 0x0000000705c00000, 0x0000000705e00000|  0%| F|  |TAMS 0x0000000705c00000, 0x0000000705c00000| Untracked 
|  39|0x0000000705e00000, 0x0000000705e00000, 0x0000000706000000|  0%| F|  |TAMS 0x0000000705e00000, 0x0000000705e00000| Untracked 
|  40|0x0000000706000000, 0x0000000706000000, 0x0000000706200000|  0%| F|  |TAMS 0x0000000706000000, 0x0000000706000000| Untracked 
|  41|0x0000000706200000, 0x0000000706200000, 0x0000000706400000|  0%| F|  |TAMS 0x0000000706200000, 0x0000000706200000| Untracked 
|  42|0x0000000706400000, 0x0000000706400000, 0x0000000706600000|  0%| F|  |TAMS 0x0000000706400000, 0x0000000706400000| Untracked 
|  43|0x0000000706600000, 0x0000000706600000, 0x0000000706800000|  0%| F|  |TAMS 0x0000000706600000, 0x0000000706600000| Untracked 
|  44|0x0000000706800000, 0x0000000706800000, 0x0000000706a00000|  0%| F|  |TAMS 0x0000000706800000, 0x0000000706800000| Untracked 
|  45|0x0000000706a00000, 0x0000000706a00000, 0x0000000706c00000|  0%| F|  |TAMS 0x0000000706a00000, 0x0000000706a00000| Untracked 
|  46|0x0000000706c00000, 0x0000000706c00000, 0x0000000706e00000|  0%| F|  |TAMS 0x0000000706c00000, 0x0000000706c00000| Untracked 
|  47|0x0000000706e00000, 0x0000000706e00000, 0x0000000707000000|  0%| F|  |TAMS 0x0000000706e00000, 0x0000000706e00000| Untracked 
|  48|0x0000000707000000, 0x0000000707000000, 0x0000000707200000|  0%| F|  |TAMS 0x0000000707000000, 0x0000000707000000| Untracked 
|  49|0x0000000707200000, 0x0000000707200000, 0x0000000707400000|  0%| F|  |TAMS 0x0000000707200000, 0x0000000707200000| Untracked 
|  50|0x0000000707400000, 0x0000000707400000, 0x0000000707600000|  0%| F|  |TAMS 0x0000000707400000, 0x0000000707400000| Untracked 
|  51|0x0000000707600000, 0x0000000707600000, 0x0000000707800000|  0%| F|  |TAMS 0x0000000707600000, 0x0000000707600000| Untracked 
|  52|0x0000000707800000, 0x0000000707800000, 0x0000000707a00000|  0%| F|  |TAMS 0x0000000707800000, 0x0000000707800000| Untracked 
|  53|0x0000000707a00000, 0x0000000707a00000, 0x0000000707c00000|  0%| F|  |TAMS 0x0000000707a00000, 0x0000000707a00000| Untracked 
|  54|0x0000000707c00000, 0x0000000707c00000, 0x0000000707e00000|  0%| F|  |TAMS 0x0000000707c00000, 0x0000000707c00000| Untracked 
|  55|0x0000000707e00000, 0x0000000707e00000, 0x0000000708000000|  0%| F|  |TAMS 0x0000000707e00000, 0x0000000707e00000| Untracked 
|  56|0x0000000708000000, 0x0000000708000000, 0x0000000708200000|  0%| F|  |TAMS 0x0000000708000000, 0x0000000708000000| Untracked 
|  57|0x0000000708200000, 0x0000000708200000, 0x0000000708400000|  0%| F|  |TAMS 0x0000000708200000, 0x0000000708200000| Untracked 
|  58|0x0000000708400000, 0x0000000708400000, 0x0000000708600000|  0%| F|  |TAMS 0x0000000708400000, 0x0000000708400000| Untracked 
|  59|0x0000000708600000, 0x0000000708600000, 0x0000000708800000|  0%| F|  |TAMS 0x0000000708600000, 0x0000000708600000| Untracked 
|  60|0x0000000708800000, 0x0000000708800000, 0x0000000708a00000|  0%| F|  |TAMS 0x0000000708800000, 0x0000000708800000| Untracked 
|  61|0x0000000708a00000, 0x0000000708a00000, 0x0000000708c00000|  0%| F|  |TAMS 0x0000000708a00000, 0x0000000708a00000| Untracked 
|  62|0x0000000708c00000, 0x0000000708c00000, 0x0000000708e00000|  0%| F|  |TAMS 0x0000000708c00000, 0x0000000708c00000| Untracked 
|  63|0x0000000708e00000, 0x0000000708e00000, 0x0000000709000000|  0%| F|  |TAMS 0x0000000708e00000, 0x0000000708e00000| Untracked 
|  64|0x0000000709000000, 0x0000000709000000, 0x0000000709200000|  0%| F|  |TAMS 0x0000000709000000, 0x0000000709000000| Untracked 
|  65|0x0000000709200000, 0x0000000709200000, 0x0000000709400000|  0%| F|  |TAMS 0x0000000709200000, 0x0000000709200000| Untracked 
|  66|0x0000000709400000, 0x0000000709400000, 0x0000000709600000|  0%| F|  |TAMS 0x0000000709400000, 0x0000000709400000| Untracked 
|  67|0x0000000709600000, 0x0000000709600000, 0x0000000709800000|  0%| F|  |TAMS 0x0000000709600000, 0x0000000709600000| Untracked 
|  68|0x0000000709800000, 0x0000000709800000, 0x0000000709a00000|  0%| F|  |TAMS 0x0000000709800000, 0x0000000709800000| Untracked 
|  69|0x0000000709a00000, 0x0000000709a00000, 0x0000000709c00000|  0%| F|  |TAMS 0x0000000709a00000, 0x0000000709a00000| Untracked 
|  70|0x0000000709c00000, 0x0000000709c00000, 0x0000000709e00000|  0%| F|  |TAMS 0x0000000709c00000, 0x0000000709c00000| Untracked 
|  71|0x0000000709e00000, 0x0000000709e00000, 0x000000070a000000|  0%| F|  |TAMS 0x0000000709e00000, 0x0000000709e00000| Untracked 
|  72|0x000000070a000000, 0x000000070a000000, 0x000000070a200000|  0%| F|  |TAMS 0x000000070a000000, 0x000000070a000000| Untracked 
|  73|0x000000070a200000, 0x000000070a200000, 0x000000070a400000|  0%| F|  |TAMS 0x000000070a200000, 0x000000070a200000| Untracked 
|  74|0x000000070a400000, 0x000000070a400000, 0x000000070a600000|  0%| F|  |TAMS 0x000000070a400000, 0x000000070a400000| Untracked 
|  75|0x000000070a600000, 0x000000070a600000, 0x000000070a800000|  0%| F|  |TAMS 0x000000070a600000, 0x000000070a600000| Untracked 
|  76|0x000000070a800000, 0x000000070a800000, 0x000000070aa00000|  0%| F|  |TAMS 0x000000070a800000, 0x000000070a800000| Untracked 
|  77|0x000000070aa00000, 0x000000070aa00000, 0x000000070ac00000|  0%| F|  |TAMS 0x000000070aa00000, 0x000000070aa00000| Untracked 
|  78|0x000000070ac00000, 0x000000070ac00000, 0x000000070ae00000|  0%| F|  |TAMS 0x000000070ac00000, 0x000000070ac00000| Untracked 
|  79|0x000000070ae00000, 0x000000070ae00000, 0x000000070b000000|  0%| F|  |TAMS 0x000000070ae00000, 0x000000070ae00000| Untracked 
|  80|0x000000070b000000, 0x000000070b000000, 0x000000070b200000|  0%| F|  |TAMS 0x000000070b000000, 0x000000070b000000| Untracked 
|  81|0x000000070b200000, 0x000000070b200000, 0x000000070b400000|  0%| F|  |TAMS 0x000000070b200000, 0x000000070b200000| Untracked 
|  82|0x000000070b400000, 0x000000070b400000, 0x000000070b600000|  0%| F|  |TAMS 0x000000070b400000, 0x000000070b400000| Untracked 
|  83|0x000000070b600000, 0x000000070b600000, 0x000000070b800000|  0%| F|  |TAMS 0x000000070b600000, 0x000000070b600000| Untracked 
|  84|0x000000070b800000, 0x000000070b800000, 0x000000070ba00000|  0%| F|  |TAMS 0x000000070b800000, 0x000000070b800000| Untracked 
|  85|0x000000070ba00000, 0x000000070ba00000, 0x000000070bc00000|  0%| F|  |TAMS 0x000000070ba00000, 0x000000070ba00000| Untracked 
|  86|0x000000070bc00000, 0x000000070bc00000, 0x000000070be00000|  0%| F|  |TAMS 0x000000070bc00000, 0x000000070bc00000| Untracked 
|  87|0x000000070be00000, 0x000000070be00000, 0x000000070c000000|  0%| F|  |TAMS 0x000000070be00000, 0x000000070be00000| Untracked 
|  88|0x000000070c000000, 0x000000070c000000, 0x000000070c200000|  0%| F|  |TAMS 0x000000070c000000, 0x000000070c000000| Untracked 
|  89|0x000000070c200000, 0x000000070c200000, 0x000000070c400000|  0%| F|  |TAMS 0x000000070c200000, 0x000000070c200000| Untracked 
|  90|0x000000070c400000, 0x000000070c400000, 0x000000070c600000|  0%| F|  |TAMS 0x000000070c400000, 0x000000070c400000| Untracked 
|  91|0x000000070c600000, 0x000000070c600000, 0x000000070c800000|  0%| F|  |TAMS 0x000000070c600000, 0x000000070c600000| Untracked 
|  92|0x000000070c800000, 0x000000070c800000, 0x000000070ca00000|  0%| F|  |TAMS 0x000000070c800000, 0x000000070c800000| Untracked 
|  93|0x000000070ca00000, 0x000000070ca00000, 0x000000070cc00000|  0%| F|  |TAMS 0x000000070ca00000, 0x000000070ca00000| Untracked 
|  94|0x000000070cc00000, 0x000000070cc00000, 0x000000070ce00000|  0%| F|  |TAMS 0x000000070cc00000, 0x000000070cc00000| Untracked 
|  95|0x000000070ce00000, 0x000000070ce00000, 0x000000070d000000|  0%| F|  |TAMS 0x000000070ce00000, 0x000000070ce00000| Untracked 
|  96|0x000000070d000000, 0x000000070d000000, 0x000000070d200000|  0%| F|  |TAMS 0x000000070d000000, 0x000000070d000000| Untracked 
|  97|0x000000070d200000, 0x000000070d200000, 0x000000070d400000|  0%| F|  |TAMS 0x000000070d200000, 0x000000070d200000| Untracked 
|  98|0x000000070d400000, 0x000000070d400000, 0x000000070d600000|  0%| F|  |TAMS 0x000000070d400000, 0x000000070d400000| Untracked 
|  99|0x000000070d600000, 0x000000070d600000, 0x000000070d800000|  0%| F|  |TAMS 0x000000070d600000, 0x000000070d600000| Untracked 
| 100|0x000000070d800000, 0x000000070d800000, 0x000000070da00000|  0%| F|  |TAMS 0x000000070d800000, 0x000000070d800000| Untracked 
| 101|0x000000070da00000, 0x000000070da00000, 0x000000070dc00000|  0%| F|  |TAMS 0x000000070da00000, 0x000000070da00000| Untracked 
| 102|0x000000070dc00000, 0x000000070dc00000, 0x000000070de00000|  0%| F|  |TAMS 0x000000070dc00000, 0x000000070dc00000| Untracked 
| 103|0x000000070de00000, 0x000000070de00000, 0x000000070e000000|  0%| F|  |TAMS 0x000000070de00000, 0x000000070de00000| Untracked 
| 104|0x000000070e000000, 0x000000070e000000, 0x000000070e200000|  0%| F|  |TAMS 0x000000070e000000, 0x000000070e000000| Untracked 
| 105|0x000000070e200000, 0x000000070e200000, 0x000000070e400000|  0%| F|  |TAMS 0x000000070e200000, 0x000000070e200000| Untracked 
| 106|0x000000070e400000, 0x000000070e400000, 0x000000070e600000|  0%| F|  |TAMS 0x000000070e400000, 0x000000070e400000| Untracked 
| 107|0x000000070e600000, 0x000000070e600000, 0x000000070e800000|  0%| F|  |TAMS 0x000000070e600000, 0x000000070e600000| Untracked 
| 108|0x000000070e800000, 0x000000070e800000, 0x000000070ea00000|  0%| F|  |TAMS 0x000000070e800000, 0x000000070e800000| Untracked 
| 109|0x000000070ea00000, 0x000000070ea00000, 0x000000070ec00000|  0%| F|  |TAMS 0x000000070ea00000, 0x000000070ea00000| Untracked 
| 110|0x000000070ec00000, 0x000000070ec00000, 0x000000070ee00000|  0%| F|  |TAMS 0x000000070ec00000, 0x000000070ec00000| Untracked 
| 111|0x000000070ee00000, 0x000000070ee00000, 0x000000070f000000|  0%| F|  |TAMS 0x000000070ee00000, 0x000000070ee00000| Untracked 
| 112|0x000000070f000000, 0x000000070f000000, 0x000000070f200000|  0%| F|  |TAMS 0x000000070f000000, 0x000000070f000000| Untracked 
| 113|0x000000070f200000, 0x000000070f200000, 0x000000070f400000|  0%| F|  |TAMS 0x000000070f200000, 0x000000070f200000| Untracked 
| 114|0x000000070f400000, 0x000000070f400000, 0x000000070f600000|  0%| F|  |TAMS 0x000000070f400000, 0x000000070f400000| Untracked 
| 115|0x000000070f600000, 0x000000070f6fe4f0, 0x000000070f800000| 49%| S|CS|TAMS 0x000000070f600000, 0x000000070f600000| Complete 
| 116|0x000000070f800000, 0x000000070fa00000, 0x000000070fa00000|100%| S|CS|TAMS 0x000000070f800000, 0x000000070f800000| Complete 
| 117|0x000000070fa00000, 0x000000070fa00000, 0x000000070fc00000|  0%| F|  |TAMS 0x000000070fa00000, 0x000000070fa00000| Untracked 
| 118|0x000000070fc00000, 0x000000070fc00000, 0x000000070fe00000|  0%| F|  |TAMS 0x000000070fc00000, 0x000000070fc00000| Untracked 
| 119|0x000000070fe00000, 0x000000070ffce630, 0x0000000710000000| 90%| E|  |TAMS 0x000000070fe00000, 0x000000070fe00000| Complete 
| 120|0x0000000710000000, 0x0000000710200000, 0x0000000710200000|100%| E|CS|TAMS 0x0000000710000000, 0x0000000710000000| Complete 
| 121|0x0000000710200000, 0x0000000710400000, 0x0000000710400000|100%| E|CS|TAMS 0x0000000710200000, 0x0000000710200000| Complete 
| 122|0x0000000710400000, 0x0000000710600000, 0x0000000710600000|100%| E|CS|TAMS 0x0000000710400000, 0x0000000710400000| Complete 
| 123|0x0000000710600000, 0x0000000710800000, 0x0000000710800000|100%| E|CS|TAMS 0x0000000710600000, 0x0000000710600000| Complete 
| 124|0x0000000710800000, 0x0000000710a00000, 0x0000000710a00000|100%| E|CS|TAMS 0x0000000710800000, 0x0000000710800000| Complete 
| 125|0x0000000710a00000, 0x0000000710c00000, 0x0000000710c00000|100%| E|CS|TAMS 0x0000000710a00000, 0x0000000710a00000| Complete 
| 126|0x0000000710c00000, 0x0000000710e00000, 0x0000000710e00000|100%| E|CS|TAMS 0x0000000710c00000, 0x0000000710c00000| Complete 
| 127|0x0000000710e00000, 0x0000000711000000, 0x0000000711000000|100%| E|CS|TAMS 0x0000000710e00000, 0x0000000710e00000| Complete 

Card table byte_map: [0x000001bfe53e0000,0x000001bfe5be0000] _byte_map_base: 0x000001bfe1bd8000

Marking Bits (Prev, Next): (CMBitMap*) 0x000001bfcdec5a40, (CMBitMap*) 0x000001bfcdec5a80
 Prev Bits: [0x000001bfe63e0000, 0x000001bfea3a0000)
 Next Bits: [0x000001bfea3a0000, 0x000001bfee360000)

Polling page: 0x000001bfcbe40000

Metaspace:

Usage:
  Non-class:     12.75 MB used.
      Class:      1.55 MB used.
       Both:     14.30 MB used.

Virtual space:
  Non-class space:       16.00 MB reserved,      12.81 MB ( 80%) committed,  2 nodes.
      Class space:        1.00 GB reserved,       1.62 MB ( <1%) committed,  1 nodes.
             Both:        1.02 GB reserved,      14.44 MB (  1%) committed. 

Chunk freelists:
   Non-Class:  3.08 MB
       Class:  2.32 MB
        Both:  5.40 MB

MaxMetaspaceSize: unlimited
CompressedClassSpaceSize: 1.00 GB
Initial GC threshold: 21.00 MB
Current GC threshold: 21.00 MB
CDS: on
MetaspaceReclaimPolicy: balanced
 - commit_granule_bytes: 65536.
 - commit_granule_words: 8192.
 - virtual_space_node_default_size: 1048576.
 - enlarge_chunks_in_place: 1.
 - new_chunks_are_fully_committed: 0.
 - uncommit_free_chunks: 1.
 - use_allocation_guard: 0.
 - handle_deallocations: 1.


Internal statistics:

num_allocs_failed_limit: 0.
num_arena_births: 128.
num_arena_deaths: 0.
num_vsnodes_births: 3.
num_vsnodes_deaths: 0.
num_space_committed: 231.
num_space_uncommitted: 0.
num_chunks_returned_to_freelist: 0.
num_chunks_taken_from_freelist: 451.
num_chunk_merges: 0.
num_chunk_splits: 349.
num_chunks_enlarged: 295.
num_purges: 0.
num_inconsistent_stats: 0.

CodeHeap 'non-profiled nmethods': size=120000Kb used=486Kb max_used=486Kb free=119514Kb
 bounds [0x000001bfdd150000, 0x000001bfdd3c0000, 0x000001bfe4680000]
CodeHeap 'profiled nmethods': size=120000Kb used=1814Kb max_used=1814Kb free=118185Kb
 bounds [0x000001bfd5c20000, 0x000001bfd5e90000, 0x000001bfdd150000]
CodeHeap 'non-nmethods': size=5760Kb used=1408Kb max_used=1430Kb free=4351Kb
 bounds [0x000001bfd5680000, 0x000001bfd58f0000, 0x000001bfd5c20000]
 total_blobs=1879 nmethods=1111 adapters=681
 compilation: enabled
              stopped_count=0, restarted_count=0
 full_count=0

Compilation events (20 events):
Event: 0.847 Thread 0x000001bff0fddc10 1093       3       androidx.compose.runtime.Stack::push (9 bytes)
Event: 0.847 Thread 0x000001bff364c850 nmethod 1067 0x000001bfdd1c2a10 code [0x000001bfdd1c2be0, 0x000001bfdd1c36b8]
Event: 0.847 Thread 0x000001bff364c850 1024       4       java.util.Arrays::copyOf (19 bytes)
Event: 0.847 Thread 0x000001bff0fddc10 nmethod 1093 0x000001bfd5de0790 code [0x000001bfd5de0960, 0x000001bfd5de0e28]
Event: 0.848 Thread 0x000001bff364c850 nmethod 1024 0x000001bfdd1c3a10 code [0x000001bfdd1c3ba0, 0x000001bfdd1c3e58]
Event: 0.848 Thread 0x000001bff364c850 1083       4       java.nio.Buffer::scope (17 bytes)
Event: 0.849 Thread 0x000001bff364c850 nmethod 1083 0x000001bfdd1c3f90 code [0x000001bfdd1c4100, 0x000001bfdd1c4198]
Event: 0.849 Thread 0x000001bff364c850 1084   !   4       jdk.internal.misc.ScopedMemoryAccess::getCharUnaligned (22 bytes)
Event: 0.849 Thread 0x000001bff364c850 nmethod 1084 0x000001bfdd1c4290 code [0x000001bfdd1c4400, 0x000001bfdd1c44d8]
Event: 0.852 Thread 0x000001bff0fddc10 1094       3       kotlin.jvm.internal.Lambda::<init> (10 bytes)
Event: 0.852 Thread 0x000001bff364c850 1095       4       java.lang.String::checkBoundsOffCount (64 bytes)
Event: 0.852 Thread 0x000001bff0fddc10 nmethod 1094 0x000001bfd5de1010 code [0x000001bfd5de11a0, 0x000001bfd5de1318]
Event: 0.852 Thread 0x000001bff364c850 nmethod 1095 0x000001bfdd1c4610 code [0x000001bfdd1c4780, 0x000001bfdd1c4838]
Event: 0.853 Thread 0x000001bff3a12080 nmethod 1015 0x000001bfdd1c4910 code [0x000001bfdd1c4ac0, 0x000001bfdd1c51d8]
Event: 0.856 Thread 0x000001bff0fddc10 1096       3       java.lang.Enum::<init> (15 bytes)
Event: 0.856 Thread 0x000001bff0fddc10 nmethod 1096 0x000001bfd5de1410 code [0x000001bfd5de15a0, 0x000001bfd5de1778]
Event: 0.858 Thread 0x000001bff0fddc10 1097       3       androidx.compose.runtime.Stack::getSize (8 bytes)
Event: 0.858 Thread 0x000001bff0fddc10 nmethod 1097 0x000001bfd5de1810 code [0x000001bfd5de19a0, 0x000001bfd5de1ad8]
Event: 0.859 Thread 0x000001bff0fddc10 1098       3       java.util.zip.ZipUtils::get16 (21 bytes)
Event: 0.859 Thread 0x000001bff0fddc10 nmethod 1098 0x000001bfd5de1b90 code [0x000001bfd5de1d20, 0x000001bfd5de1e78]

GC Heap History (2 events):
Event: 0.518 GC heap before
{Heap before GC invocations=0 (full 0):
 garbage-first heap   total 262144K, used 20480K [0x0000000701000000, 0x0000000800000000)
  region size 2048K, 11 young (22528K), 0 survivors (0K)
 Metaspace       used 8669K, committed 8896K, reserved 1064960K
  class space    used 832K, committed 960K, reserved 1048576K
}
Event: 0.520 GC heap after
{Heap after GC invocations=1 (full 0):
 garbage-first heap   total 262144K, used 3065K [0x0000000701000000, 0x0000000800000000)
  region size 2048K, 2 young (4096K), 2 survivors (4096K)
 Metaspace       used 8669K, committed 8896K, reserved 1064960K
  class space    used 832K, committed 960K, reserved 1048576K
}

Deoptimization events (20 events):
Event: 0.763 Thread 0x000001bff0fcb970 Uncommon trap: trap_request=0xffffffde fr.pc=0x000001bfdd1b8a2c relative=0x000000000000010c
Event: 0.763 Thread 0x000001bff0fcb970 Uncommon trap: reason=class_check action=maybe_recompile pc=0x000001bfdd1b8a2c method=jdk.internal.misc.Unsafe.allocateUninitializedArray(Ljava/lang/Class;I)Ljava/lang/Object; @ 51 c2
Event: 0.763 Thread 0x000001bff0fcb970 DEOPT PACKING pc=0x000001bfdd1b8a2c sp=0x00000030858fb8b0
Event: 0.763 Thread 0x000001bff0fcb970 DEOPT UNPACKING pc=0x000001bfd56d23a3 sp=0x00000030858fb838 mode 2
Event: 0.769 Thread 0x000001bff0fcb970 DEOPT PACKING pc=0x000001bfd5db75fe sp=0x00000030858fc940
Event: 0.769 Thread 0x000001bff0fcb970 DEOPT UNPACKING pc=0x000001bfd56d2b43 sp=0x00000030858fbdb0 mode 0
Event: 0.787 Thread 0x000001bff0fcb970 DEOPT PACKING pc=0x000001bfd5db75fe sp=0x00000030858fa8e0
Event: 0.787 Thread 0x000001bff0fcb970 DEOPT UNPACKING pc=0x000001bfd56d2b43 sp=0x00000030858f9d50 mode 0
Event: 0.803 Thread 0x000001bff0fcb970 DEOPT PACKING pc=0x000001bfd5db75fe sp=0x00000030858fc6e0
Event: 0.803 Thread 0x000001bff0fcb970 DEOPT UNPACKING pc=0x000001bfd56d2b43 sp=0x00000030858fbb50 mode 0
Event: 0.807 Thread 0x000001bff0fcb970 DEOPT PACKING pc=0x000001bfd5cf89bb sp=0x00000030858fcb20
Event: 0.807 Thread 0x000001bff0fcb970 DEOPT UNPACKING pc=0x000001bfd56d2b43 sp=0x00000030858fbf80 mode 0
Event: 0.821 Thread 0x000001bff0fcb970 DEOPT PACKING pc=0x000001bfd5db75fe sp=0x00000030858fa7c0
Event: 0.821 Thread 0x000001bff0fcb970 DEOPT UNPACKING pc=0x000001bfd56d2b43 sp=0x00000030858f9c30 mode 0
Event: 0.833 Thread 0x000001bff0fce990 DEOPT PACKING pc=0x000001bfd5db75fe sp=0x00000030864fd040
Event: 0.833 Thread 0x000001bff0fce990 DEOPT UNPACKING pc=0x000001bfd56d2b43 sp=0x00000030864fc4b0 mode 0
Event: 0.836 Thread 0x000001bff0fcb970 DEOPT PACKING pc=0x000001bfd5db75fe sp=0x00000030858fb8a0
Event: 0.836 Thread 0x000001bff0fcb970 DEOPT UNPACKING pc=0x000001bfd56d2b43 sp=0x00000030858fad10 mode 0
Event: 0.842 Thread 0x000001bff0fcb970 DEOPT PACKING pc=0x000001bfd5c578d6 sp=0x00000030858fa2f0
Event: 0.842 Thread 0x000001bff0fcb970 DEOPT UNPACKING pc=0x000001bfd56d2b43 sp=0x00000030858f9778 mode 0

Classes unloaded (0 events):
No events

Classes redefined (0 events):
No events

Internal exceptions (15 events):
Event: 0.110 Thread 0x000001bff0fcdff0 Exception <a 'java/lang/NoSuchMethodError'{0x0000000710de04c0}: 'java.lang.Object java.lang.invoke.DirectMethodHandle$Holder.invokeStaticInit(java.lang.Object)'> (0x0000000710de04c0) 
thrown [t:\workspace\open\src\hotspot\share\interpreter\linkResolver.cpp, line 766]
Event: 0.116 Thread 0x000001bff0fcdff0 Exception <a 'java/lang/NoSuchMethodError'{0x0000000710dee1d0}: 'void java.lang.invoke.DirectMethodHandle$Holder.invokeStatic(java.lang.Object, java.lang.Object)'> (0x0000000710dee1d0) 
thrown [t:\workspace\open\src\hotspot\share\interpreter\linkResolver.cpp, line 766]
Event: 0.167 Thread 0x000001bfcde74eb0 Exception <a 'java/lang/ClassNotFoundException'{0x00000007108a0e20}: sun/awt/resources/spi/awtProvider> (0x00000007108a0e20) 
thrown [t:\workspace\open\src\hotspot\share\classfile\systemDictionary.cpp, line 256]
Event: 0.183 Thread 0x000001bfcde74eb0 Exception <a 'java/io/FileNotFoundException'{0x00000007108f6908}> (0x00000007108f6908) 
thrown [t:\workspace\open\src\hotspot\share\prims\jni.cpp, line 516]
Event: 0.188 Thread 0x000001bfcde74eb0 Exception <a 'java/io/FileNotFoundException'{0x0000000710923868}> (0x0000000710923868) 
thrown [t:\workspace\open\src\hotspot\share\prims\jni.cpp, line 516]
Event: 0.448 Thread 0x000001bff0fcb970 Exception <a 'java/lang/NoSuchMethodError'{0x000000070ffa7010}: 'void java.lang.invoke.DirectMethodHandle$Holder.invokeSpecial(java.lang.Object, java.lang.Object, java.lang.Object)'> (0x000000070ffa7010) 
thrown [t:\workspace\open\src\hotspot\share\interpreter\linkResolver.cpp, line 766]
Event: 0.454 Thread 0x000001bff0fcb970 Exception <a 'java/lang/NoSuchMethodError'{0x000000070ffd1560}: 'java.lang.Object java.lang.invoke.DirectMethodHandle$Holder.newInvokeSpecial(java.lang.Object, java.lang.Object, java.lang.Object, java.lang.Object, java.lang.Object)'> (0x000000070ffd1560) 
thrown [t:\workspace\open\src\hotspot\share\interpreter\linkResolver.cpp, line 766]
Event: 0.455 Thread 0x000001bff0fcb970 Exception <a 'java/lang/NoSuchMethodError'{0x000000070ffdd1d0}: 'java.lang.Object java.lang.invoke.DirectMethodHandle$Holder.invokeStatic(java.lang.Object, int, java.lang.Object, java.lang.Object, java.lang.Object, java.lang.Object)'> (0x000000070ffdd1d0) 
thrown [t:\workspace\open\src\hotspot\share\interpreter\linkResolver.cpp, line 766]
Event: 0.458 Thread 0x000001bff0fcb970 Exception <a 'java/lang/NoSuchMethodError'{0x000000070fc030c0}: 'java.lang.Object java.lang.invoke.DirectMethodHandle$Holder.invokeStatic(java.lang.Object, int, java.lang.Object)'> (0x000000070fc030c0) 
thrown [t:\workspace\open\src\hotspot\share\interpreter\linkResolver.cpp, line 766]
Event: 0.475 Thread 0x000001bff0fcb970 Exception <a 'java/lang/ClassNotFoundException'{0x000000070fcbb020}: com/sun/swing/internal/plaf/metal/resources/spi/metalProvider> (0x000000070fcbb020) 
thrown [t:\workspace\open\src\hotspot\share\classfile\systemDictionary.cpp, line 256]
Event: 0.475 Thread 0x000001bff0fcb970 Exception <a 'java/lang/ClassNotFoundException'{0x000000070fcbf040}: com/sun/swing/internal/plaf/basic/resources/spi/basicProvider> (0x000000070fcbf040) 
thrown [t:\workspace\open\src\hotspot\share\classfile\systemDictionary.cpp, line 256]
Event: 0.549 Thread 0x000001bff0fcb970 Exception <a 'java/lang/NoSuchMethodError'{0x0000000710ffe0a8}: 'void java.lang.invoke.DirectMethodHandle$Holder.invokeStatic(java.lang.Object, java.lang.Object, java.lang.Object)'> (0x0000000710ffe0a8) 
thrown [t:\workspace\open\src\hotspot\share\interpreter\linkResolver.cpp, line 766]
Event: 0.587 Thread 0x000001bff0fce4c0 Exception <a 'java/lang/NoSuchMethodError'{0x0000000710a9b888}: 'void java.lang.invoke.DirectMethodHandle$Holder.invokeVirtual(java.lang.Object, java.lang.Object)'> (0x0000000710a9b888) 
thrown [t:\workspace\open\src\hotspot\share\interpreter\linkResolver.cpp, line 766]
Event: 0.599 Thread 0x000001bff0fcb970 Exception <a 'java/lang/NoSuchMethodError'{0x0000000710a3c640}: 'void java.lang.invoke.DirectMethodHandle$Holder.invokeStaticInit(java.lang.Object)'> (0x0000000710a3c640) 
thrown [t:\workspace\open\src\hotspot\share\interpreter\linkResolver.cpp, line 766]
Event: 0.836 Thread 0x000001bff0fce990 Exception <a 'java/lang/NoSuchMethodError'{0x00000007102974e0}: 'int java.lang.invoke.DirectMethodHandle$Holder.invokeSpecial(java.lang.Object, java.lang.Object, java.lang.Object)'> (0x00000007102974e0) 
thrown [t:\workspace\open\src\hotspot\share\interpreter\linkResolver.cpp, line 766]

VM Operations (16 events):
Event: 0.060 Executing VM operation: HandshakeAllThreads
Event: 0.060 Executing VM operation: HandshakeAllThreads done
Event: 0.109 Executing VM operation: HandshakeAllThreads
Event: 0.109 Executing VM operation: HandshakeAllThreads done
Event: 0.494 Executing VM operation: HandshakeAllThreads
Event: 0.494 Executing VM operation: HandshakeAllThreads done
Event: 0.501 Executing VM operation: HandshakeAllThreads
Event: 0.501 Executing VM operation: HandshakeAllThreads done
Event: 0.501 Executing VM operation: HandshakeAllThreads
Event: 0.501 Executing VM operation: HandshakeAllThreads done
Event: 0.518 Executing VM operation: G1CollectForAllocation
Event: 0.521 Executing VM operation: G1CollectForAllocation done
Event: 0.542 Executing VM operation: HandshakeAllThreads
Event: 0.542 Executing VM operation: HandshakeAllThreads done
Event: 0.544 Executing VM operation: HandshakeAllThreads
Event: 0.544 Executing VM operation: HandshakeAllThreads done

Events (20 events):
Event: 0.854 loading class java/lang/reflect/WildcardType
Event: 0.854 loading class java/lang/reflect/WildcardType done
Event: 0.854 loading class java/lang/reflect/GenericArrayType
Event: 0.854 loading class java/lang/reflect/GenericArrayType done
Event: 0.854 loading class java/lang/reflect/ParameterizedType
Event: 0.854 loading class java/lang/reflect/ParameterizedType done
Event: 0.855 loading class java/lang/CloneNotSupportedException
Event: 0.855 loading class java/lang/CloneNotSupportedException done
Event: 0.860 loading class java/io/StringWriter
Event: 0.860 loading class java/io/StringWriter done
Event: 0.861 loading class java/util/BitSet
Event: 0.861 loading class java/util/BitSet done
Event: 0.862 loading class java/util/concurrent/atomic/AtomicIntegerArray
Event: 0.862 loading class java/util/concurrent/atomic/AtomicIntegerArray done
Event: 0.862 Thread 0x000001bff35b1880 Thread added: 0x000001bff35b1880
Event: 0.862 Thread 0x000001bff35b3090 Thread added: 0x000001bff35b3090
Event: 0.863 loading class java/util/UUID
Event: 0.863 loading class java/util/UUID done
Event: 0.863 loading class java/util/Currency
Event: 0.863 loading class java/util/Currency done


Dynamic libraries:
0x00007ff62b800000 - 0x00007ff62b810000 	C:\Program Files\Java\jdk-17.0.1\bin\java.exe
0x00007ff92fb90000 - 0x00007ff92fd85000 	C:\Windows\SYSTEM32\ntdll.dll
0x00007ff92e7f0000 - 0x00007ff92e8ae000 	C:\Windows\System32\KERNEL32.DLL
0x00007ff92d760000 - 0x00007ff92da28000 	C:\Windows\System32\KERNELBASE.dll
0x00007ff92d350000 - 0x00007ff92d450000 	C:\Windows\System32\ucrtbase.dll
0x00007ff9245a0000 - 0x00007ff9245b8000 	C:\Program Files\Java\jdk-17.0.1\bin\jli.dll
0x00007ff923fc0000 - 0x00007ff923fda000 	C:\Program Files\Java\jdk-17.0.1\bin\VCRUNTIME140.dll
0x00007ff92e2b0000 - 0x00007ff92e35e000 	C:\Windows\System32\ADVAPI32.dll
0x00007ff92e960000 - 0x00007ff92e9fe000 	C:\Windows\System32\msvcrt.dll
0x00007ff92ed80000 - 0x00007ff92ee1c000 	C:\Windows\System32\sechost.dll
0x00007ff92f7b0000 - 0x00007ff92f8d5000 	C:\Windows\System32\RPCRT4.dll
0x00007ff92f9b0000 - 0x00007ff92fb50000 	C:\Windows\System32\USER32.dll
0x00007ff92d450000 - 0x00007ff92d472000 	C:\Windows\System32\win32u.dll
0x00007ff917e60000 - 0x00007ff9180fa000 	C:\Windows\WinSxS\amd64_microsoft.windows.common-controls_6595b64144ccf1df_6.0.19041.1110_none_60b5254171f9507e\COMCTL32.dll
0x00007ff92e930000 - 0x00007ff92e95b000 	C:\Windows\System32\GDI32.dll
0x00007ff92da30000 - 0x00007ff92db3d000 	C:\Windows\System32\gdi32full.dll
0x00007ff92db40000 - 0x00007ff92dbdd000 	C:\Windows\System32\msvcp_win.dll
0x00007ff925700000 - 0x00007ff92570a000 	C:\Windows\SYSTEM32\VERSION.dll
0x00007ff92ea60000 - 0x00007ff92ea90000 	C:\Windows\System32\IMM32.DLL
0x00007ff928ee0000 - 0x00007ff928eec000 	C:\Program Files\Java\jdk-17.0.1\bin\vcruntime140_1.dll
0x00007ff9034e0000 - 0x00007ff90356d000 	C:\Program Files\Java\jdk-17.0.1\bin\msvcp140.dll
0x00007ff8e8bb0000 - 0x00007ff8e976e000 	C:\Program Files\Java\jdk-17.0.1\bin\server\jvm.dll
0x00007ff92e7e0000 - 0x00007ff92e7e8000 	C:\Windows\System32\PSAPI.DLL
0x00007ff9228e0000 - 0x00007ff9228e9000 	C:\Windows\SYSTEM32\WSOCK32.dll
0x00007ff9256d0000 - 0x00007ff9256f7000 	C:\Windows\SYSTEM32\WINMM.dll
0x00007ff92eaa0000 - 0x00007ff92eb0b000 	C:\Windows\System32\WS2_32.dll
0x00007ff92b1b0000 - 0x00007ff92b1c2000 	C:\Windows\SYSTEM32\kernel.appcore.dll
0x00007ff924590000 - 0x00007ff92459a000 	C:\Program Files\Java\jdk-17.0.1\bin\jimage.dll
0x00007ff927800000 - 0x00007ff9279e4000 	C:\Windows\SYSTEM32\DBGHELP.DLL
0x00007ff91d900000 - 0x00007ff91d92c000 	C:\Windows\SYSTEM32\dbgcore.DLL
0x00007ff92d650000 - 0x00007ff92d6d2000 	C:\Windows\System32\bcryptPrimitives.dll
0x00007ff92abd0000 - 0x00007ff92abde000 	C:\Program Files\Java\jdk-17.0.1\bin\instrument.dll
0x00007ff923f90000 - 0x00007ff923fb5000 	C:\Program Files\Java\jdk-17.0.1\bin\java.dll
0x00007ff8ebb30000 - 0x00007ff8ebc06000 	C:\Program Files\Java\jdk-17.0.1\bin\svml.dll
0x00007ff92ee20000 - 0x00007ff92f564000 	C:\Windows\System32\SHELL32.dll
0x00007ff92b3b0000 - 0x00007ff92bb44000 	C:\Windows\SYSTEM32\windows.storage.dll
0x00007ff92e360000 - 0x00007ff92e6b5000 	C:\Windows\System32\combase.dll
0x00007ff92ccf0000 - 0x00007ff92cd1e000 	C:\Windows\SYSTEM32\Wldp.dll
0x00007ff92ec10000 - 0x00007ff92ecbd000 	C:\Windows\System32\SHCORE.dll
0x00007ff92ed20000 - 0x00007ff92ed75000 	C:\Windows\System32\shlwapi.dll
0x00007ff92d1e0000 - 0x00007ff92d1ff000 	C:\Windows\SYSTEM32\profapi.dll
0x00007ff922ac0000 - 0x00007ff922ad8000 	C:\Program Files\Java\jdk-17.0.1\bin\zip.dll
0x00007ff923f70000 - 0x00007ff923f89000 	C:\Program Files\Java\jdk-17.0.1\bin\net.dll
0x00007ff922df0000 - 0x00007ff922efc000 	C:\Windows\SYSTEM32\WINHTTP.dll
0x00007ff92ca50000 - 0x00007ff92caba000 	C:\Windows\system32\mswsock.dll
0x00007ff923f50000 - 0x00007ff923f65000 	C:\Program Files\Java\jdk-17.0.1\bin\nio.dll
0x00007ff92a360000 - 0x00007ff92a37a000 	C:\Program Files\JetBrains\IntelliJ IDEA Community Edition 2021.2.1\bin\breakgen64.dll
0x00007ff924310000 - 0x00007ff92449f000 	C:\Program Files\Java\jdk-17.0.1\bin\awt.dll
0x00007ff92f8e0000 - 0x00007ff92f9ad000 	C:\Windows\System32\OLEAUT32.dll
0x00007ff92aaf0000 - 0x00007ff92ab80000 	C:\Windows\SYSTEM32\apphelp.dll
0x00007ff92acd0000 - 0x00007ff92ad6e000 	C:\Windows\system32\uxtheme.dll
0x0000000180000000 - 0x0000000180272000 	C:\Program Files (x86)\RivaTuner Statistics Server\RTSSHooks64.dll
0x00007ff92e6c0000 - 0x00007ff92e7d6000 	C:\Windows\System32\MSCTF.dll
0x00007ff92dd00000 - 0x00007ff92de2a000 	C:\Windows\System32\ole32.dll
0x00007ff92aef0000 - 0x00007ff92af1f000 	C:\Windows\system32\DWMAPI.DLL
0x00007ff9160c0000 - 0x00007ff9161e5000 	C:\Windows\system32\opengl32.dll
0x00007ff923b40000 - 0x00007ff923b6c000 	C:\Windows\SYSTEM32\GLU32.dll
0x00007ff90b680000 - 0x00007ff90b850000 	C:\Windows\system32\d3d9.dll
0x00007ff923960000 - 0x00007ff923b18000 	C:\Windows\System32\DriverStore\FileRepository\u0373572.inf_amd64_20b1fa37f72a81a5\B372529\aticfx64.dll
0x00007ff911de0000 - 0x00007ff911e14000 	C:\Windows\System32\DriverStore\FileRepository\u0373572.inf_amd64_20b1fa37f72a81a5\B372529\atiu9p64.dll
0x00007ff8f79d0000 - 0x00007ff8f8724000 	C:\Windows\System32\DriverStore\FileRepository\u0373572.inf_amd64_20b1fa37f72a81a5\B372529\atiumd64.dll
0x000000006f170000 - 0x000000006ffe5000 	C:\Windows\System32\DriverStore\FileRepository\u0373572.inf_amd64_20b1fa37f72a81a5\B372529\atiumd6a.dll
0x00007ff92de30000 - 0x00007ff92e2a2000 	C:\Windows\System32\SETUPAPI.dll
0x00007ff92d6e0000 - 0x00007ff92d72e000 	C:\Windows\System32\cfgmgr32.dll
0x00007ff92c860000 - 0x00007ff92c8ab000 	C:\Windows\SYSTEM32\POWRPROF.dll
0x00007ff92d730000 - 0x00007ff92d757000 	C:\Windows\System32\bcrypt.dll
0x00007ff92c6d0000 - 0x00007ff92c6e2000 	C:\Windows\SYSTEM32\UMPDC.dll
0x00007ff924f70000 - 0x00007ff924fa0000 	C:\Windows\SYSTEM32\amdihk64.dll
0x00007ff9258d0000 - 0x00007ff92590b000 	C:\Windows\SYSTEM32\dxcore.dll
0x00007ff8dd8d0000 - 0x00007ff8de843000 	C:\Users\Eryk\.skiko\712305302a512d1ca3f888eb4293f95f45e0a349c6dcc14d6a81e0fa809c1042\skiko-windows-x64.dll
0x00007ff92a230000 - 0x00007ff92a2b9000 	C:\Program Files\Java\jdk-17.0.1\bin\freetype.dll
0x00007ff9246a0000 - 0x00007ff924748000 	C:\Program Files\Java\jdk-17.0.1\bin\fontmanager.dll
0x00007ff92aa60000 - 0x00007ff92aa67000 	C:\Program Files\Java\jdk-17.0.1\bin\jawt.dll
0x00007ff92bb90000 - 0x00007ff92bc84000 	C:\Windows\SYSTEM32\Dxgi.dll
0x00007ff924760000 - 0x00007ff924780000 	C:\Windows\SYSTEM32\D3D12.dll
0x00007ff916330000 - 0x00007ff9164fd000 	C:\Windows\SYSTEM32\D3D12Core.dll
0x00007ff8cd7f0000 - 0x00007ff8d03be000 	C:\Windows\System32\DriverStore\FileRepository\u0373572.inf_amd64_20b1fa37f72a81a5\B372529\amdxc64.dll
0x00007ff920a90000 - 0x00007ff920abb000 	C:\Windows\SYSTEM32\D3DSCache.dll
0x00007ff92d1a0000 - 0x00007ff92d1ce000 	C:\Windows\SYSTEM32\USERENV.dll
0x00007ff927140000 - 0x00007ff927341000 	C:\Windows\SYSTEM32\twinapi.appcore.dll
0x00007ff924960000 - 0x00007ff924be3000 	C:\Windows\SYSTEM32\dwrite.dll

dbghelp: loaded successfully - version: 4.0.5 - missing functions: none
symbol engine: initialized successfully - sym options: 0x614 - pdb path: .;C:\Program Files\Java\jdk-17.0.1\bin;C:\Windows\SYSTEM32;C:\Windows\WinSxS\amd64_microsoft.windows.common-controls_6595b64144ccf1df_6.0.19041.1110_none_60b5254171f9507e;C:\Program Files\Java\jdk-17.0.1\bin\server;C:\Program Files\JetBrains\IntelliJ IDEA Community Edition 2021.2.1\bin;C:\Program Files (x86)\RivaTuner Statistics Server;C:\Windows\System32\DriverStore\FileRepository\u0373572.inf_amd64_20b1fa37f72a81a5\B372529;C:\Users\Eryk\.skiko\712305302a512d1ca3f888eb4293f95f45e0a349c6dcc14d6a81e0fa809c1042

VM Arguments:
jvm_args: -javaagent:C:\Program Files\JetBrains\IntelliJ IDEA Community Edition 2021.2.1\lib\idea_rt.jar=56752:C:\Program Files\JetBrains\IntelliJ IDEA Community Edition 2021.2.1\bin -Dfile.encoding=UTF-8 
java_command: MainKt
java_class_path (initial): E:\IntelliJ Projects\Movies\build\classes\kotlin\main;C:\Users\Eryk\.gradle\caches\modules-2\files-2.1\org.jetbrains.kotlin\kotlin-stdlib-jdk8\1.5.31\ff5d99aecd328872494e8921b72bf6e3af97af3e\kotlin-stdlib-jdk8-1.5.31.jar;C:\Users\Eryk\.gradle\caches\modules-2\files-2.1\com.squareup.retrofit2\converter-gson\2.9.0\fc93484fc67ab52b1e0ccbdaa3922d8a6678e097\converter-gson-2.9.0.jar;C:\Users\Eryk\.gradle\caches\modules-2\files-2.1\com.squareup.retrofit2\retrofit\2.9.0\d8fdfbd5da952141a665a403348b74538efc05ff\retrofit-2.9.0.jar;C:\Users\Eryk\.gradle\caches\modules-2\files-2.1\com.google.code.gson\gson\2.9.0\8a1167e089096758b49f9b34066ef98b2f4b37aa\gson-2.9.0.jar;C:\Users\Eryk\.gradle\caches\modules-2\files-2.1\org.jetbrains.kotlin\kotlin-stdlib-jdk7\1.5.31\77e0f2568912e45d26c31fd417a332458508acdf\kotlin-stdlib-jdk7-1.5.31.jar;C:\Users\Eryk\.gradle\caches\modules-2\files-2.1\org.jetbrains.kotlin\kotlin-stdlib\1.5.31\6628d61d0f5603568e72d2d5915d2c034b4f1c55\kotlin-stdlib-1.5.31.jar;C:\Users\Eryk\.gradle\caches\modules-2\files-2.1\com.squareup.okhttp3\okhttp\3.14.9\3e6d101343c7ea687cd593e4990f73b25c878383\okhttp-3.14.9.jar;C:\Users\Eryk\.gradle\caches\modules-2\files-2.1\org.jetbrains.compose.desktop\desktop-jvm\1.0.0\2a3891470b97a54f568ac80a224379868d3e74a5\desktop-jvm-1.0.0.jar;C:\Users\Eryk\.gradle\caches\modules-2\files-2.1\org.jetbrains\annotations\13.0\919f0dfe192fb4e063e7dacadee7f8bb9a2672a9\annotations-13.0.jar;C:\Users\Eryk\.gradle\caches\modules-2\files-2.1\org.jetbrains.kotlin\kotlin-stdlib-common\1.5.31\43331609c7de811fed085e0dfd150874b157c32\kotlin-stdlib-common-1.5.31.jar;C:\Users\Eryk\.gradle\caches\modules-2\files-2.1\com.squareup.okio\okio\1.17.2\78c7820b205002da4d2d137f6f312bd64b3d6049\okio-1.17.2.jar;C:\Users\Eryk\.gradle\caches\modules-2\files-2.1\org.jetbrains.compose.material\material-desktop\1.0.0\cfe6322b2b9da14265a01349a76e70d09ac9e64f\material-desktop-1.0.0.jar;C:\Users\Eryk\.gradle\caches\modules-2\files-2.1\org.jetbrain
Launcher Type: SUN_STANDARD

[Global flags]
     intx CICompilerCount                          = 4                                         {product} {ergonomic}
     uint ConcGCThreads                            = 3                                         {product} {ergonomic}
     uint G1ConcRefinementThreads                  = 10                                        {product} {ergonomic}
   size_t G1HeapRegionSize                         = 2097152                                   {product} {ergonomic}
    uintx GCDrainStackTargetSize                   = 64                                        {product} {ergonomic}
   size_t InitialHeapSize                          = 268435456                                 {product} {ergonomic}
   size_t MarkStackSize                            = 4194304                                   {product} {ergonomic}
   size_t MaxHeapSize                              = 4278190080                                {product} {ergonomic}
   size_t MaxNewSize                               = 2566914048                                {product} {ergonomic}
   size_t MinHeapDeltaBytes                        = 2097152                                   {product} {ergonomic}
   size_t MinHeapSize                              = 8388608                                   {product} {ergonomic}
    uintx NonNMethodCodeHeapSize                   = 5839372                                {pd product} {ergonomic}
    uintx NonProfiledCodeHeapSize                  = 122909434                              {pd product} {ergonomic}
    uintx ProfiledCodeHeapSize                     = 122909434                              {pd product} {ergonomic}
    uintx ReservedCodeCacheSize                    = 251658240                              {pd product} {ergonomic}
     bool SegmentedCodeCache                       = true                                      {product} {ergonomic}
   size_t SoftMaxHeapSize                          = 4278190080                             {manageable} {ergonomic}
     bool UseCompressedClassPointers               = true                           {product lp64_product} {ergonomic}
     bool UseCompressedOops                        = true                           {product lp64_product} {ergonomic}
     bool UseG1GC                                  = true                                      {product} {ergonomic}
     bool UseLargePagesIndividualAllocation        = false                                  {pd product} {ergonomic}

Logging:
Log output configuration:
 #0: stdout all=warning uptime,level,tags
 #1: stderr all=off uptime,level,tags

Environment Variables:
JAVA_HOME=C:\Program Files\Java\jdk-17.0.1
PATH=C:\Windows\system32;C:\Windows;C:\Windows\System32\Wbem;C:\Windows\System32\WindowsPowerShell\v1.0\;C:\Windows\System32\OpenSSH\;C:\Program Files (x86)\Calibre2\;C:\Program Files\Git\cmd;C:\Program Files\Java\jdk-17.0.1\bin;C:\Program Files\nodejs\;C:\Users\Eryk\AppData\Local\Microsoft\WindowsApps;C:\Users\Eryk\AppData\Roaming\npm
USERNAME=Eryk
OS=Windows_NT
PROCESSOR_IDENTIFIER=AMD64 Family 23 Model 8 Stepping 2, AuthenticAMD



---------------  S Y S T E M  ---------------

OS:
 Windows 10 , 64 bit Build 19041 (10.0.19041.1503)
OS uptime: 3 days 23:16 hours

CPU: total 12 (initial active 12) (12 cores per cpu, 2 threads per core) family 23 model 8 stepping 2 microcode 0x0, cx8, cmov, fxsr, ht, mmx, 3dnowpref, sse, sse2, sse3, ssse3, sse4a, sse4.1, sse4.2, popcnt, lzcnt, tsc, tscinvbit, avx, avx2, aes, clmul, bmi1, bmi2, adx, sha, fma, vzeroupper, clflush, clflushopt

Memory: 4k page, system-wide physical 16315M (7277M free)
TotalPageFile size 37819M (AvailPageFile size 21401M)
current process WorkingSet (physical memory assigned to process): 136M, peak: 138M
current process commit charge ("private bytes"): 442M, peak: 443M

vm_info: Java HotSpot(TM) 64-Bit Server VM (17.0.1+12-LTS-39) for windows-amd64 JRE (17.0.1+12-LTS-39), built on Sep 27 2021 18:41:35 by "mach5one" with MS VC++ 16.8 (VS2019)

END.
